<?xml version="1.0" encoding="utf-8"?><testsuites name="pytest tests"><testsuite name="pytest" errors="0" failures="0" skipped="0" tests="6" time="17.725" timestamp="2026-08-09T18:25:16.526145+00:00" hostname="agent-env-5d9652ae-1865-4235-9a2a-db9445a23759"><testcase classname="tests.test_atlas" name="test_atlas_server_info" time="3.544" /><testcase classname="tests.test_atlas" name="test_atlas_write_read_delete" time="4.514" /><testcase classname="tests.test_atlas" name="test_vercel_entry_boots_against_atlas" time="1.794" /><testcase classname="tests.test_atlas" name="test_atlas_banners_endpoint" time="5.852" /><testcase classname="tests.test_atlas" name="test_preview_root_healthy" time="0.500" /><testcase classname="tests.test_atlas" name="test_preview_horoscope_daily_cached" time="1.278" /></testsuite></testsuites>