<?xml version="1.0" encoding="utf-8"?><testsuites name="pytest tests"><testsuite name="pytest" errors="0" failures="0" skipped="0" tests="6" time="15.935" timestamp="2026-08-11T06:57:08.591075+00:00" hostname="agent-env-5d9652ae-1865-4235-9a2a-db9445a23759"><testcase classname="backend.tests.backend_test.TestHealthEndpoint" name="test_health_reports_ok_and_connected_database" time="0.774" /><testcase classname="backend.tests.backend_test.TestDailyHoroscope" name="test_daily_valid_sign_pt" time="0.407" /><testcase classname="backend.tests.backend_test.TestDailyHoroscope" name="test_daily_cache_second_call" time="6.909" /><testcase classname="backend.tests.backend_test.TestDailyHoroscope" name="test_daily_invalid_sign" time="0.028" /><testcase classname="backend.tests.backend_test.TestPersonalHoroscope" name="test_personal_missing_fields" time="0.066" /><testcase classname="backend.tests.backend_test.TestPersonalHoroscope" name="test_personal_streams_sse" time="7.679" /></testsuite></testsuites>