<?xml version="1.0" encoding="utf-8"?><testsuites name="pytest tests"><testsuite name="pytest" errors="0" failures="0" skipped="0" tests="8" time="16.510" timestamp="2026-08-09T22:36:57.508356+00:00" hostname="agent-env-5d9652ae-1865-4235-9a2a-db9445a23759"><testcase classname="backend.tests.test_vercel_horoscope" name="test_vercel_rewrites_and_function_bundle_config" time="0.001" /><testcase classname="backend.tests.test_vercel_horoscope" name="test_requirements_resolve_with_uv_python_312" time="3.006" /><testcase classname="backend.tests.test_vercel_horoscope" name="test_api_index_imports_and_exposes_routes" time="4.186" /><testcase classname="backend.tests.test_vercel_horoscope" name="test_daily_horoscope_is_json_not_html" time="0.415" /><testcase classname="backend.tests.test_vercel_horoscope" name="test_personal_horoscope_streaming_sse" time="8.110" /><testcase classname="backend.tests.test_observability" name="test_scrub_text_masks_sensitive_values" time="0.000" /><testcase classname="backend.tests.test_observability" name="test_before_send_removes_request_pii" time="0.000" /><testcase classname="backend.tests.test_observability" name="test_log_filter_masks_message_and_args" time="0.000" /></testsuite></testsuites>