<?xml version="1.0" encoding="utf-8"?><testsuites name="pytest tests"><testsuite name="pytest" errors="0" failures="0" skipped="0" tests="5" time="9.360" timestamp="2026-08-08T20:06:55.892087+00:00" hostname="agent-env-5d9652ae-1865-4235-9a2a-db9445a23759"><testcase classname="tests.backend_test.TestDailyHoroscope" name="test_daily_valid_sign_pt" time="0.113" /><testcase classname="tests.backend_test.TestDailyHoroscope" name="test_daily_cache_second_call" time="0.299" /><testcase classname="tests.backend_test.TestDailyHoroscope" name="test_daily_invalid_sign" time="0.061" /><testcase classname="tests.backend_test.TestPersonalHoroscope" name="test_personal_missing_fields" time="0.023" /><testcase classname="tests.backend_test.TestPersonalHoroscope" name="test_personal_streams_sse" time="8.784" /></testsuite></testsuites>