<?xml version="1.0" encoding="utf-8"?><testsuites name="pytest tests"><testsuite name="pytest" errors="0" failures="0" skipped="0" tests="5" time="12.710" timestamp="2026-08-09T19:35:07.667876+00:00" hostname="agent-env-5d9652ae-1865-4235-9a2a-db9445a23759"><testcase classname="backend.tests.test_vercel_horoscope" name="test_vercel_rewrites_and_function_bundle_config" time="0.000" /><testcase classname="backend.tests.test_vercel_horoscope" name="test_requirements_resolve_with_uv_python_312" time="2.462" /><testcase classname="backend.tests.test_vercel_horoscope" name="test_api_index_imports_and_exposes_routes" time="1.589" /><testcase classname="backend.tests.test_vercel_horoscope" name="test_daily_horoscope_is_json_not_html" time="0.491" /><testcase classname="backend.tests.test_vercel_horoscope" name="test_personal_horoscope_streaming_sse" time="8.015" /></testsuite></testsuites>