<?xml version="1.0" encoding="utf-8"?><testsuites name="pytest tests"><testsuite name="pytest" errors="0" failures="0" skipped="0" tests="13" time="134.402" timestamp="2026-08-08T19:34:06.404032+00:00" hostname="agent-env-5d9652ae-1865-4235-9a2a-db9445a23759"><testcase classname="tests.test_security.TestBannerAuth" name="test_get_banners_public" time="0.333" /><testcase classname="tests.test_security.TestBannerAuth" name="test_post_banner_without_key_401" time="0.248" /><testcase classname="tests.test_security.TestBannerAuth" name="test_post_banner_wrong_key_401" time="0.028" /><testcase classname="tests.test_security.TestBannerAuth" name="test_post_banner_with_key_201" time="0.028" /><testcase classname="tests.test_security.TestBannerAuth" name="test_put_banner_without_key_401" time="0.069" /><testcase classname="tests.test_security.TestBannerAuth" name="test_put_banner_with_key_updates" time="0.059" /><testcase classname="tests.test_security.TestBannerAuth" name="test_delete_banner_without_key_401" time="0.025" /><testcase classname="tests.test_security.TestBannerAuth" name="test_delete_banner_with_key_204" time="0.095" /><testcase classname="tests.test_security.TestRateLimitPersonal" name="test_personal_429_after_5_calls" time="61.677" /><testcase classname="tests.test_security.TestPromptInjection" name="test_focus_injection_still_astrology" time="71.375" /><testcase classname="tests.test_security.TestRegression" name="test_daily_horoscope_pt" time="0.245" /><testcase classname="tests.test_security.TestRegression" name="test_post_stats_any_id" time="0.032" /><testcase classname="tests.test_security.TestRegression" name="test_post_comments_create" time="0.099" /></testsuite></testsuites>