<?xml version="1.0" encoding="utf-8"?><testsuites name="pytest tests"><testsuite name="pytest" errors="0" failures="0" skipped="0" tests="5" time="13.982" timestamp="2026-08-08T19:07:47.893137+00:00" hostname="agent-env-5d9652ae-1865-4235-9a2a-db9445a23759"><testcase classname="tests.backend_test.TestDailyHoroscope" name="test_daily_valid_sign_pt" time="6.382" /><testcase classname="tests.backend_test.TestDailyHoroscope" name="test_daily_cache_second_call" time="0.049" /><testcase classname="tests.backend_test.TestDailyHoroscope" name="test_daily_invalid_sign" time="0.023" /><testcase classname="tests.backend_test.TestPersonalHoroscope" name="test_personal_missing_fields" time="0.019" /><testcase classname="tests.backend_test.TestPersonalHoroscope" name="test_personal_streams_sse" time="7.335" /></testsuite></testsuites>