<?xml version="1.0" encoding="utf-8"?><testsuites name="pytest tests"><testsuite name="pytest" errors="0" failures="0" skipped="0" tests="9" time="12.641" timestamp="2026-08-09T22:35:36.349734+00:00" hostname="agent-env-5d9652ae-1865-4235-9a2a-db9445a23759"><testcase classname="backend.tests.backend_test.TestHealthEndpoint" name="test_health_reports_ok_and_connected_database" time="0.412" /><testcase classname="backend.tests.backend_test.TestDailyHoroscope" name="test_daily_valid_sign_pt" time="0.362" /><testcase classname="backend.tests.backend_test.TestDailyHoroscope" name="test_daily_cache_second_call" time="0.714" /><testcase classname="backend.tests.backend_test.TestDailyHoroscope" name="test_daily_invalid_sign" time="0.020" /><testcase classname="backend.tests.backend_test.TestPersonalHoroscope" name="test_personal_missing_fields" time="0.020" /><testcase classname="backend.tests.backend_test.TestPersonalHoroscope" name="test_personal_streams_sse" time="10.729" /><testcase classname="backend.tests.test_observability" name="test_scrub_text_masks_sensitive_values" time="0.000" /><testcase classname="backend.tests.test_observability" name="test_before_send_removes_request_pii" time="0.000" /><testcase classname="backend.tests.test_observability" name="test_log_filter_masks_message_and_args" time="0.000" /></testsuite></testsuites>